<?xml version="1.0" encoding="UTF-8"?>
<testng-results skipped="0" failed="0" total="1" passed="1">
  <reporter-output>
    <line>
      <![CDATA[<a href='D:\Gaurav personal\UdemyTutorialCoding\Mobile\src\main\java\Application\Mobile\Screenshots\Screenshots\Gaurav__16_07_2018_05_40_44.png'> <img src='D:\Gaurav personal\UdemyTutorialCoding\Mobile\src\main\java\Application\Mobile\Screenshots\Screenshots\Gaurav__16_07_2018_05_40_44.png'height='100' width='100'/> </a>]]>
    </line>
  </reporter-output>
  <suite name="Default suite" duration-ms="108160" started-at="2018-07-16T12:10:11Z" finished-at="2018-07-16T12:12:00Z">
    <groups>
    </groups>
    <test name="Default test" duration-ms="108160" started-at="2018-07-16T12:10:11Z" finished-at="2018-07-16T12:12:00Z">
      <class name="Application.Mobile.TestSuites.TestClassMethods">
        <test-method status="PASS" signature="beforeClass()[pri:0, instance:Application.Mobile.TestSuites.TestClassMethods@2667f029]" name="beforeClass" is-config="true" duration-ms="30211" started-at="2018-07-16T17:40:11Z" finished-at="2018-07-16T17:40:42Z">
          <reporter-output>
          </reporter-output>
        </test-method> <!-- beforeClass -->
        <test-method status="PASS" signature="tc0001()[pri:0, instance:Application.Mobile.TestSuites.TestClassMethods@2667f029]" name="tc0001" duration-ms="77779" started-at="2018-07-16T17:40:42Z" finished-at="2018-07-16T17:42:00Z">
          <reporter-output>
            <line>
              <![CDATA[<a href='D:\Gaurav personal\UdemyTutorialCoding\Mobile\src\main\java\Application\Mobile\Screenshots\Screenshots\Gaurav__16_07_2018_05_40_44.png'> <img src='D:\Gaurav personal\UdemyTutorialCoding\Mobile\src\main\java\Application\Mobile\Screenshots\Screenshots\Gaurav__16_07_2018_05_40_44.png'height='100' width='100'/> </a>]]>
            </line>
          </reporter-output>
        </test-method> <!-- tc0001 -->
      </class> <!-- Application.Mobile.TestSuites.TestClassMethods -->
    </test> <!-- Default test -->
  </suite> <!-- Default suite -->
</testng-results>
